[debug] [2019-05-17T09:44:40.535Z] ----------------------------------------------------------------------
[debug] [2019-05-17T09:44:40.537Z] Command:       C:\Program Files\nodejs\node.exe C:\Users\Andrzej\AppData\Roaming\npm\node_modules\firebase-tools\lib\bin\firebase.js deploy
[debug] [2019-05-17T09:44:40.538Z] CLI Version:   6.3.1
[debug] [2019-05-17T09:44:40.538Z] Platform:      win32
[debug] [2019-05-17T09:44:40.538Z] Node Version:  v10.13.0
[debug] [2019-05-17T09:44:40.539Z] Time:          Fri May 17 2019 11:44:40 GMT+0200 (GMT+02:00)
[debug] [2019-05-17T09:44:40.539Z] ----------------------------------------------------------------------
[debug] 
[debug] [2019-05-17T09:44:40.552Z] > command requires scopes: ["email","openid","https://www.googleapis.com/auth/cloudplatformprojects.readonly","https://www.googleapis.com/auth/firebase","https://www.googleapis.com/auth/cloud-platform"]
[debug] [2019-05-17T09:44:40.552Z] > authorizing via signed-in user
[debug] [2019-05-17T09:44:40.552Z] [iam] checking project cupwiz-db062 for permissions ["firebase.projects.get","firebasehosting.sites.update"]
[debug] [2019-05-17T09:44:40.554Z] > refreshing access token with scopes: ["email","https://www.googleapis.com/auth/cloud-platform","https://www.googleapis.com/auth/cloudplatformprojects.readonly","https://www.googleapis.com/auth/firebase","openid"]
[debug] [2019-05-17T09:44:40.554Z] >>> HTTP REQUEST POST https://www.googleapis.com/oauth2/v3/token  
 <request body omitted>
[debug] [2019-05-17T09:44:40.700Z] <<< HTTP RESPONSE 200
[debug] [2019-05-17T09:44:40.710Z] >>> HTTP REQUEST POST https://cloudresourcemanager.googleapis.com/v1/projects/cupwiz-db062:testIamPermissions  

[debug] [2019-05-17T09:44:41.626Z] <<< HTTP RESPONSE 200
[debug] [2019-05-17T09:44:41.627Z] >>> HTTP REQUEST GET https://firebase.googleapis.com/v1beta1/projects/cupwiz-db062  
 
[debug] [2019-05-17T09:44:41.914Z] <<< HTTP RESPONSE 200
[info] 
[info] === Deploying to 'cupwiz-db062'...
[info] 
[info] i  deploying hosting
[debug] [2019-05-17T09:44:41.920Z] >>> HTTP REQUEST POST https://firebasehosting.googleapis.com/v1beta1/sites/cupwiz-db062/versions  

